<?xml version="1.0" encoding="UTF-8"?>
<testsuite xmlns:xsi="http://www.w3.org/2001/XMLSchema-instance" xsi:noNamespaceSchemaLocation="https://maven.apache.org/surefire/maven-surefire-plugin/xsd/surefire-test-report-3.0.xsd" version="3.0" name="uk.gov.dwp.uc.pairtest.TicketServiceImplTest" time="1.909" tests="14" errors="0" skipped="0" failures="0">
  <properties>
[...]
</properties>
  <testcase name="shouldRejectOrderExceedingMaxTicketsAndNotCallServices" classname="uk.gov.dwp.uc.pairtest.TicketServiceImplTest" time="1.605">
    <system-err><![CDATA[Mockito is currently self-attaching to enable the inline-mock-maker. This will no longer work in future releases of the JDK. Please add Mockito as an agent to your build what is described in Mockito's documentation: https://javadoc.io/doc/org.mockito/mockito-core/latest/org/mockito/Mockito.html#0.3
WARNING: A Java agent has been loaded dynamically (/home/rkeggy/.m2/repository/net/bytebuddy/byte-buddy-agent/1.15.4/byte-buddy-agent-1.15.4.jar)
WARNING: If a serviceability tool is in use, please run with -XX:+EnableDynamicAgentLoading to hide this warning
WARNING: If a serviceability tool is not in use, please run with -Djdk.instrument.traceUsage for more information
WARNING: Dynamic loading of agents will be disallowed by default in a future release
]]></system-err>
  </testcase>
  <testcase name="shouldRejectNegativeAccountIdAndNotCallServices" classname="uk.gov.dwp.uc.pairtest.TicketServiceImplTest" time="0.017"/>
  <testcase name="shouldRejectEmptyRequestArrayAndNotCallServices" classname="uk.gov.dwp.uc.pairtest.TicketServiceImplTest" time="0.012"/>
  <testcase name="shouldCalculateCorrectlyForMixedOrder" classname="uk.gov.dwp.uc.pairtest.TicketServiceImplTest" time="0.081"/>
  <testcase name="shouldRejectChildOnlyOrderAndNotCallServices" classname="uk.gov.dwp.uc.pairtest.TicketServiceImplTest" time="0.016"/>
  <testcase name="shouldRejectZeroAccountIdAndNotCallServices" classname="uk.gov.dwp.uc.pairtest.TicketServiceImplTest" time="0.005"/>
  <testcase name="shouldChargeAndReserveCorrectlyForAdultsOnly" classname="uk.gov.dwp.uc.pairtest.TicketServiceImplTest" time="0.005"/>
  <testcase name="shouldRejectNegativeQuantityAndNotCallServices" classname="uk.gov.dwp.uc.pairtest.TicketServiceImplTest" time="0.004"/>
  <testcase name="shouldAcceptExactlyTwentyFiveTickets" classname="uk.gov.dwp.uc.pairtest.TicketServiceImplTest" time="0.009"/>
  <testcase name="shouldSumDuplicateTicketTypesCorrectly" classname="uk.gov.dwp.uc.pairtest.TicketServiceImplTest" time="0.017"/>
  <testcase name="shouldRejectInfantOnlyOrderAndNotCallServices" classname="uk.gov.dwp.uc.pairtest.TicketServiceImplTest" time="0.013"/>
  <testcase name="shouldRejectNullRequestAndNotCallServices" classname="uk.gov.dwp.uc.pairtest.TicketServiceImplTest" time="0.011"/>
  <testcase name="shouldExcludeInfantFromPaymentAndSeats" classname="uk.gov.dwp.uc.pairtest.TicketServiceImplTest" time="0.013"/>
  <testcase name="shouldRejectZeroQuantityAndNotCallServices" classname="uk.gov.dwp.uc.pairtest.TicketServiceImplTest" time="0.009"/>
</testsuite>